# JRE version: Java(TM) SE Runtime Environment (8.0_181-b13) (build 1.8.0_181-b13)
# Java VM: Java HotSpot(TM) 64-Bit Server VM (25.181-b13 mixed mode bsd-amd64 compressed oops)
Heap:
 PSYoungGen      total 1202176K, used 492327K [0x000000076ab00000, 0x00000007c0000000, 0x00000007c0000000)
  eden space 1004032K, 40% used [0x000000076ab00000,0x00000007836af790,0x00000007a7f80000)
  from space 198144K, 43% used [0x00000007b3e80000,0x00000007b939a560,0x00000007c0000000)
  to   space 195584K, 0% used [0x00000007a7f80000,0x00000007a7f80000,0x00000007b3e80000)
 ParOldGen       total 2159104K, used 1851863K [0x00000006c0000000, 0x0000000743c80000, 0x000000076ab00000)
  object space 2159104K, 85% used [0x00000006c0000000,0x0000000731075c40,0x0000000743c80000)
 Metaspace       used 414732K, capacity 492517K, committed 507156K, reserved 1484800K
  class space    used 47775K, capacity 57847K, committed 72468K, reserved 1048576K
GC Heap History (10 events):
Event: 8949.428 GC heap before
{Heap before GC invocations=548 (full 14):
 PSYoungGen      total 1204736K, used 1147659K [0x000000076ab00000, 0x00000007bff00000, 0x00000007c0000000)
  eden space 1020928K, 100% used [0x000000076ab00000,0x00000007a9000000,0x00000007a9000000)
  from space 183808K, 68% used [0x00000007a9000000,0x00000007b0bc2f48,0x00000007b4380000)
  to   space 181760K, 0% used [0x00000007b4d80000,0x00000007b4d80000,0x00000007bff00000)
 ParOldGen       total 2159104K, used 1828395K [0x00000006c0000000, 0x0000000743c80000, 0x000000076ab00000)
  object space 2159104K, 84% used [0x00000006c0000000,0x000000072f98ae18,0x0000000743c80000)
 Metaspace       used 390699K, capacity 464605K, committed 482580K, reserved 1460224K
  class space    used 45156K, capacity 55053K, committed 72468K, reserved 1048576K
Event: 8949.578 GC heap after
Heap after GC invocations=548 (full 14):
 PSYoungGen      total 1203712K, used 121913K [0x000000076ab00000, 0x00000007bf500000, 0x00000007c0000000)
  eden space 1032192K, 0% used [0x000000076ab00000,0x000000076ab00000,0x00000007a9b00000)
  from space 171520K, 71% used [0x00000007b4d80000,0x00000007bc48e748,0x00000007bf500000)
  to   space 177152K, 0% used [0x00000007a9b00000,0x00000007a9b00000,0x00000007b4800000)
 ParOldGen       total 2159104K, used 1833360K [0x00000006c0000000, 0x0000000743c80000, 0x000000076ab00000)
  object space 2159104K, 84% used [0x00000006c0000000,0x000000072fe64020,0x0000000743c80000)
 Metaspace       used 390699K, capacity 464605K, committed 482580K, reserved 1460224K
  class space    used 45156K, capacity 55053K, committed 72468K, reserved 1048576K
}
Event: 8958.841 GC heap before
{Heap before GC invocations=549 (full 14):
 PSYoungGen      total 1203712K, used 1154105K [0x000000076ab00000, 0x00000007bf500000, 0x00000007c0000000)
  eden space 1032192K, 100% used [0x000000076ab00000,0x00000007a9b00000,0x00000007a9b00000)
  from space 171520K, 71% used [0x00000007b4d80000,0x00000007bc48e748,0x00000007bf500000)
  to   space 177152K, 0% used [0x00000007a9b00000,0x00000007a9b00000,0x00000007b4800000)
 ParOldGen       total 2159104K, used 1833360K [0x00000006c0000000, 0x0000000743c80000, 0x000000076ab00000)
  object space 2159104K, 84% used [0x00000006c0000000,0x000000072fe64020,0x0000000743c80000)
 Metaspace       used 405092K, capacity 481497K, committed 497428K, reserved 1474560K
  class space    used 46703K, capacity 56717K, committed 72468K, reserved 1048576K
Event: 8959.124 GC heap after
Heap after GC invocations=549 (full 14):
 PSYoungGen      total 1209344K, used 143599K [0x000000076ab00000, 0x00000007c0000000, 0x00000007c0000000)
  eden space 1032192K, 0% used [0x000000076ab00000,0x000000076ab00000,0x00000007a9b00000)
  from space 177152K, 81% used [0x00000007a9b00000,0x00000007b273bce0,0x00000007b4800000)
  to   space 181248K, 0% used [0x00000007b4f00000,0x00000007b4f00000,0x00000007c0000000)
 ParOldGen       total 2159104K, used 1838048K [0x00000006c0000000, 0x0000000743c80000, 0x000000076ab00000)
  object space 2159104K, 85% used [0x00000006c0000000,0x00000007302f8270,0x0000000743c80000)
 Metaspace       used 405092K, capacity 481497K, committed 497428K, reserved 1474560K
  class space    used 46703K, capacity 56717K, committed 72468K, reserved 1048576K
}
Event: 8964.084 GC heap before
{Heap before GC invocations=550 (full 14):
 PSYoungGen      total 1209344K, used 1175791K [0x000000076ab00000, 0x00000007c0000000, 0x00000007c0000000)
  eden space 1032192K, 100% used [0x000000076ab00000,0x00000007a9b00000,0x00000007a9b00000)
  from space 177152K, 81% used [0x00000007a9b00000,0x00000007b273bce0,0x00000007b4800000)
  to   space 181248K, 0% used [0x00000007b4f00000,0x00000007b4f00000,0x00000007c0000000)
 ParOldGen       total 2159104K, used 1838048K [0x00000006c0000000, 0x0000000743c80000, 0x000000076ab00000)
  object space 2159104K, 85% used [0x00000006c0000000,0x00000007302f8270,0x0000000743c80000)
 Metaspace       used 405152K, capacity 481579K, committed 497428K, reserved 1474560K
  class space    used 46706K, capacity 56720K, committed 72468K, reserved 1048576K
Event: 8964.402 GC heap after
Heap after GC invocations=550 (full 14):
 PSYoungGen      total 1190912K, used 170885K [0x000000076ab00000, 0x00000007c0000000, 0x00000007c0000000)
  eden space 1009664K, 0% used [0x000000076ab00000,0x000000076ab00000,0x00000007a8500000)
  from space 181248K, 94% used [0x00000007b4f00000,0x00000007bf5e17b8,0x00000007c0000000)
  to   space 194048K, 0% used [0x00000007a8500000,0x00000007a8500000,0x00000007b4280000)
 ParOldGen       total 2159104K, used 1842647K [0x00000006c0000000, 0x0000000743c80000, 0x000000076ab00000)
  object space 2159104K, 85% used [0x00000006c0000000,0x0000000730775f28,0x0000000743c80000)
 Metaspace       used 405152K, capacity 481579K, committed 497428K, reserved 1474560K
  class space    used 46706K, capacity 56720K, committed 72468K, reserved 1048576K
}
Event: 8976.208 GC heap before
{Heap before GC invocations=551 (full 14):
 PSYoungGen      total 1190912K, used 1180549K [0x000000076ab00000, 0x00000007c0000000, 0x00000007c0000000)
  eden space 1009664K, 100% used [0x000000076ab00000,0x00000007a8500000,0x00000007a8500000)
  from space 181248K, 94% used [0x00000007b4f00000,0x00000007bf5e17b8,0x00000007c0000000)
  to   space 194048K, 0% used [0x00000007a8500000,0x00000007a8500000,0x00000007b4280000)
 ParOldGen       total 2159104K, used 1842647K [0x00000006c0000000, 0x0000000743c80000, 0x000000076ab00000)
  object space 2159104K, 85% used [0x00000006c0000000,0x0000000730775f28,0x0000000743c80000)
 Metaspace       used 405212K, capacity 481597K, committed 497428K, reserved 1474560K
  class space    used 46708K, capacity 56723K, committed 72468K, reserved 1048576K
Event: 8976.268 GC heap after
Heap after GC invocations=551 (full 14):
 PSYoungGen      total 1069568K, used 59790K [0x000000076ab00000, 0x00000007c0000000, 0x00000007c0000000)
  eden space 1009664K, 0% used [0x000000076ab00000,0x000000076ab00000,0x00000007a8500000)
  from space 59904K, 99% used [0x00000007a8500000,0x00000007abf63a90,0x00000007abf80000)
  to   space 198144K, 0% used [0x00000007b3e80000,0x00000007b3e80000,0x00000007c0000000)
 ParOldGen       total 2159104K, used 1847261K [0x00000006c0000000, 0x0000000743c80000, 0x000000076ab00000)
  object space 2159104K, 85% used [0x00000006c0000000,0x0000000730bf7660,0x0000000743c80000)
 Metaspace       used 405212K, capacity 481597K, committed 497428K, reserved 1474560K
  class space    used 46708K, capacity 56723K, committed 72468K, reserved 1048576K
}
Event: 9108.425 GC heap before
{Heap before GC invocations=552 (full 14):
 PSYoungGen      total 1069568K, used 1069454K [0x000000076ab00000, 0x00000007c0000000, 0x00000007c0000000)
  eden space 1009664K, 100% used [0x000000076ab00000,0x00000007a8500000,0x00000007a8500000)
  from space 59904K, 99% used [0x00000007a8500000,0x00000007abf63a90,0x00000007abf80000)
  to   space 198144K, 0% used [0x00000007b3e80000,0x00000007b3e80000,0x00000007c0000000)
 ParOldGen       total 2159104K, used 1847261K [0x00000006c0000000, 0x0000000743c80000, 0x000000076ab00000)
  object space 2159104K, 85% used [0x00000006c0000000,0x0000000730bf7660,0x0000000743c80000)
 Metaspace       used 414714K, capacity 492511K, committed 507156K, reserved 1484800K
  class space    used 47774K, capacity 57846K, committed 72468K, reserved 1048576K
Event: 9109.413 GC heap after
Heap after GC invocations=552 (full 14):
 PSYoungGen      total 1202176K, used 87145K [0x000000076ab00000, 0x00000007c0000000, 0x00000007c0000000)
  eden space 1004032K, 0% used [0x000000076ab00000,0x000000076ab00000,0x00000007a7f80000)
  from space 198144K, 43% used [0x00000007b3e80000,0x00000007b939a560,0x00000007c0000000)
  to   space 195584K, 0% used [0x00000007a7f80000,0x00000007a7f80000,0x00000007b3e80000)
 ParOldGen       total 2159104K, used 1851863K [0x00000006c0000000, 0x0000000743c80000, 0x000000076ab00000)
  object space 2159104K, 85% used [0x00000006c0000000,0x0000000731075c40,0x0000000743c80000)
 Metaspace       used 414714K, capacity 492511K, committed 507156K, reserved 1484800K
  class space    used 47774K, capacity 57846K, committed 72468K, reserved 1048576K
}

